{"C:\\Users\\Panasi.PANASI\\Desktop\\Developer\\projects\\Вычислитель отличий\\frontend-project-lvl2\\index.js": {"path":"C:\\Users\\Panasi.PANASI\\Desktop\\Developer\\projects\\Вычислитель отличий\\frontend-project-lvl2\\index.js","all":false,"statementMap":{"0":{"start":{"line":1,"column":0},"end":{"line":1,"column":23}},"1":{"start":{"line":2,"column":0},"end":{"line":2,"column":43}},"2":{"start":{"line":3,"column":0},"end":{"line":3,"column":50}},"3":{"start":{"line":4,"column":0},"end":{"line":4,"column":0}},"4":{"start":{"line":5,"column":0},"end":{"line":5,"column":63}},"5":{"start":{"line":6,"column":0},"end":{"line":6,"column":39}},"6":{"start":{"line":7,"column":0},"end":{"line":7,"column":39}},"7":{"start":{"line":8,"column":0},"end":{"line":8,"column":35}},"8":{"start":{"line":9,"column":0},"end":{"line":9,"column":69}},"9":{"start":{"line":10,"column":0},"end":{"line":10,"column":54}},"10":{"start":{"line":11,"column":0},"end":{"line":11,"column":48}},"11":{"start":{"line":12,"column":0},"end":{"line":12,"column":30}},"12":{"start":{"line":13,"column":0},"end":{"line":13,"column":62}},"13":{"start":{"line":14,"column":0},"end":{"line":14,"column":7}},"14":{"start":{"line":15,"column":0},"end":{"line":15,"column":30}},"15":{"start":{"line":16,"column":0},"end":{"line":16,"column":64}},"16":{"start":{"line":17,"column":0},"end":{"line":17,"column":7}},"17":{"start":{"line":18,"column":0},"end":{"line":18,"column":59}},"18":{"start":{"line":19,"column":0},"end":{"line":19,"column":86}},"19":{"start":{"line":20,"column":0},"end":{"line":20,"column":7}},"20":{"start":{"line":21,"column":0},"end":{"line":21,"column":81}},"21":{"start":{"line":22,"column":0},"end":{"line":22,"column":16}},"22":{"start":{"line":23,"column":0},"end":{"line":23,"column":20}},"23":{"start":{"line":24,"column":0},"end":{"line":24,"column":26}},"24":{"start":{"line":25,"column":0},"end":{"line":25,"column":33}},"25":{"start":{"line":26,"column":0},"end":{"line":26,"column":32}},"26":{"start":{"line":27,"column":0},"end":{"line":27,"column":10}},"27":{"start":{"line":28,"column":0},"end":{"line":28,"column":7}},"28":{"start":{"line":29,"column":0},"end":{"line":29,"column":67}},"29":{"start":{"line":30,"column":0},"end":{"line":30,"column":7}},"30":{"start":{"line":31,"column":0},"end":{"line":31,"column":18}},"31":{"start":{"line":32,"column":0},"end":{"line":32,"column":4}},"32":{"start":{"line":33,"column":0},"end":{"line":33,"column":41}},"33":{"start":{"line":34,"column":0},"end":{"line":34,"column":37}},"34":{"start":{"line":35,"column":0},"end":{"line":35,"column":2}},"35":{"start":{"line":36,"column":0},"end":{"line":36,"column":23}}},"s":{"0":1,"1":1,"2":4,"3":4,"4":4,"5":4,"6":20,"7":20,"8":20,"9":20,"10":20,"11":72,"12":72,"13":8,"14":72,"15":72,"16":16,"17":16,"18":72,"19":72,"20":16,"21":16,"22":16,"23":16,"24":72,"25":12,"26":72,"27":20,"28":4,"29":4,"30":4,"31":4,"32":1,"33":1,"34":1,"35":1},"branchMap":{"0":{"type":"branch","line":1,"loc":{"start":{"line":1,"column":0},"end":{"line":33,"column":25}},"locations":[{"start":{"line":1,"column":0},"end":{"line":33,"column":25}}]},"1":{"type":"branch","line":2,"loc":{"start":{"line":2,"column":30},"end":{"line":32,"column":4}},"locations":[{"start":{"line":2,"column":30},"end":{"line":32,"column":4}}]},"2":{"type":"branch","line":6,"loc":{"start":{"line":6,"column":16},"end":{"line":29,"column":16}},"locations":[{"start":{"line":6,"column":16},"end":{"line":29,"column":16}}]},"3":{"type":"branch","line":10,"loc":{"start":{"line":10,"column":11},"end":{"line":27,"column":10}},"locations":[{"start":{"line":10,"column":11},"end":{"line":27,"column":10}}]},"4":{"type":"branch","line":10,"loc":{"start":{"line":10,"column":51},"end":{"line":12,"column":19}},"locations":[{"start":{"line":10,"column":51},"end":{"line":12,"column":19}}]},"5":{"type":"branch","line":12,"loc":{"start":{"line":12,"column":19},"end":{"line":13,"column":18}},"locations":[{"start":{"line":12,"column":19},"end":{"line":13,"column":18}}]},"6":{"type":"branch","line":13,"loc":{"start":{"line":13,"column":18},"end":{"line":15,"column":21}},"locations":[{"start":{"line":13,"column":18},"end":{"line":15,"column":21}}]},"7":{"type":"branch","line":15,"loc":{"start":{"line":15,"column":21},"end":{"line":16,"column":23}},"locations":[{"start":{"line":15,"column":21},"end":{"line":16,"column":23}}]},"8":{"type":"branch","line":16,"loc":{"start":{"line":16,"column":23},"end":{"line":16,"column":47}},"locations":[{"start":{"line":16,"column":23},"end":{"line":16,"column":47}}]},"9":{"type":"branch","line":16,"loc":{"start":{"line":16,"column":49},"end":{"line":19,"column":12}},"locations":[{"start":{"line":16,"column":49},"end":{"line":19,"column":12}}]},"10":{"type":"branch","line":19,"loc":{"start":{"line":19,"column":12},"end":{"line":19,"column":63}},"locations":[{"start":{"line":19,"column":12},"end":{"line":19,"column":63}}]},"11":{"type":"branch","line":19,"loc":{"start":{"line":19,"column":63},"end":{"line":20,"column":4}},"locations":[{"start":{"line":19,"column":63},"end":{"line":20,"column":4}}]},"12":{"type":"branch","line":20,"loc":{"start":{"line":20,"column":6},"end":{"line":25,"column":3}},"locations":[{"start":{"line":20,"column":6},"end":{"line":25,"column":3}}]},"13":{"type":"branch","line":25,"loc":{"start":{"line":25,"column":3},"end":{"line":27,"column":9}},"locations":[{"start":{"line":25,"column":3},"end":{"line":27,"column":9}}]}},"b":{"0":[1],"1":[4],"2":[20],"3":[72],"4":[20],"5":[52],"6":[8],"7":[44],"8":[20],"9":[16],"10":[28],"11":[20],"12":[16],"13":[12]},"fnMap":{"0":{"name":"gendiff","decl":{"start":{"line":2,"column":30},"end":{"line":32,"column":4}},"loc":{"start":{"line":2,"column":30},"end":{"line":32,"column":4}},"line":2},"1":{"name":"getDiff","decl":{"start":{"line":6,"column":16},"end":{"line":29,"column":16}},"loc":{"start":{"line":6,"column":16},"end":{"line":29,"column":16}},"line":6}},"f":{"0":4,"1":20}}
,"C:\\Users\\Panasi.PANASI\\Desktop\\Developer\\projects\\Вычислитель отличий\\frontend-project-lvl2\\src\\parsers.js": {"path":"C:\\Users\\Panasi.PANASI\\Desktop\\Developer\\projects\\Вычислитель отличий\\frontend-project-lvl2\\src\\parsers.js","all":false,"statementMap":{"0":{"start":{"line":1,"column":0},"end":{"line":1,"column":34}},"1":{"start":{"line":2,"column":0},"end":{"line":2,"column":40}},"2":{"start":{"line":3,"column":0},"end":{"line":3,"column":30}},"3":{"start":{"line":4,"column":0},"end":{"line":4,"column":27}},"4":{"start":{"line":5,"column":0},"end":{"line":5,"column":0}},"5":{"start":{"line":6,"column":0},"end":{"line":6,"column":35}},"6":{"start":{"line":7,"column":0},"end":{"line":7,"column":54}},"7":{"start":{"line":8,"column":0},"end":{"line":8,"column":38}},"8":{"start":{"line":9,"column":0},"end":{"line":9,"column":33}},"9":{"start":{"line":10,"column":0},"end":{"line":10,"column":15}},"10":{"start":{"line":11,"column":0},"end":{"line":11,"column":3}},"11":{"start":{"line":12,"column":0},"end":{"line":12,"column":70}},"12":{"start":{"line":13,"column":0},"end":{"line":13,"column":32}},"13":{"start":{"line":14,"column":0},"end":{"line":14,"column":15}},"14":{"start":{"line":15,"column":0},"end":{"line":15,"column":3}},"15":{"start":{"line":16,"column":0},"end":{"line":16,"column":14}},"16":{"start":{"line":17,"column":0},"end":{"line":17,"column":2}},"17":{"start":{"line":18,"column":0},"end":{"line":18,"column":27}}},"s":{"0":1,"1":1,"2":8,"3":8,"4":8,"5":8,"6":8,"7":4,"8":8,"9":8,"10":4,"11":1,"12":1,"13":1,"14":1,"15":1,"16":1,"17":1},"branchMap":{"0":{"type":"branch","line":1,"loc":{"start":{"line":1,"column":0},"end":{"line":13,"column":17}},"locations":[{"start":{"line":1,"column":0},"end":{"line":13,"column":17}}]},"1":{"type":"branch","line":2,"loc":{"start":{"line":2,"column":39},"end":{"line":12,"column":58}},"locations":[{"start":{"line":2,"column":39},"end":{"line":12,"column":58}}]},"2":{"type":"branch","line":7,"loc":{"start":{"line":7,"column":10},"end":{"line":9,"column":7}},"locations":[{"start":{"line":7,"column":10},"end":{"line":9,"column":7}}]},"3":{"type":"branch","line":9,"loc":{"start":{"line":9,"column":7},"end":{"line":10,"column":5}},"locations":[{"start":{"line":9,"column":7},"end":{"line":10,"column":5}}]},"4":{"type":"branch","line":10,"loc":{"start":{"line":10,"column":7},"end":{"line":12,"column":41}},"locations":[{"start":{"line":10,"column":7},"end":{"line":12,"column":41}}]},"5":{"type":"branch","line":12,"loc":{"start":{"line":12,"column":41},"end":{"line":12,"column":57}},"locations":[{"start":{"line":12,"column":41},"end":{"line":12,"column":57}}]}},"b":{"0":[1],"1":[8],"2":[4],"3":[2],"4":[4],"5":[0]},"fnMap":{"0":{"name":"getFileData","decl":{"start":{"line":2,"column":39},"end":{"line":12,"column":58}},"loc":{"start":{"line":2,"column":39},"end":{"line":12,"column":58}},"line":2}},"f":{"0":8}}
,"C:\\Users\\Panasi.PANASI\\Desktop\\Developer\\projects\\Вычислитель отличий\\frontend-project-lvl2\\src\\formatters\\index.js": {"path":"C:\\Users\\Panasi.PANASI\\Desktop\\Developer\\projects\\Вычислитель отличий\\frontend-project-lvl2\\src\\formatters\\index.js","all":false,"statementMap":{"0":{"start":{"line":1,"column":0},"end":{"line":1,"column":44}},"1":{"start":{"line":2,"column":0},"end":{"line":2,"column":40}},"2":{"start":{"line":3,"column":0},"end":{"line":3,"column":38}},"3":{"start":{"line":4,"column":0},"end":{"line":4,"column":0}},"4":{"start":{"line":5,"column":0},"end":{"line":5,"column":37}},"5":{"start":{"line":6,"column":0},"end":{"line":6,"column":27}},"6":{"start":{"line":7,"column":0},"end":{"line":7,"column":32}},"7":{"start":{"line":8,"column":0},"end":{"line":8,"column":3}},"8":{"start":{"line":9,"column":0},"end":{"line":9,"column":26}},"9":{"start":{"line":10,"column":0},"end":{"line":10,"column":31}},"10":{"start":{"line":11,"column":0},"end":{"line":11,"column":3}},"11":{"start":{"line":12,"column":0},"end":{"line":12,"column":32}},"12":{"start":{"line":13,"column":0},"end":{"line":13,"column":1}},"13":{"start":{"line":14,"column":0},"end":{"line":14,"column":25}}},"s":{"0":1,"1":1,"2":4,"3":2,"4":2,"5":4,"6":4,"7":2,"8":1,"9":1,"10":1,"11":1,"12":1,"13":1},"branchMap":{"0":{"type":"branch","line":1,"loc":{"start":{"line":1,"column":0},"end":{"line":10,"column":20}},"locations":[{"start":{"line":1,"column":0},"end":{"line":10,"column":20}}]},"1":{"type":"branch","line":2,"loc":{"start":{"line":2,"column":20},"end":{"line":9,"column":19}},"locations":[{"start":{"line":2,"column":20},"end":{"line":9,"column":19}}]},"2":{"type":"branch","line":3,"loc":{"start":{"line":3,"column":25},"end":{"line":6,"column":11}},"locations":[{"start":{"line":3,"column":25},"end":{"line":6,"column":11}}]},"3":{"type":"branch","line":6,"loc":{"start":{"line":6,"column":11},"end":{"line":7,"column":21}},"locations":[{"start":{"line":6,"column":11},"end":{"line":7,"column":21}}]},"4":{"type":"branch","line":7,"loc":{"start":{"line":7,"column":21},"end":{"line":9,"column":18}},"locations":[{"start":{"line":7,"column":21},"end":{"line":9,"column":18}}]}},"b":{"0":[1],"1":[4],"2":[2],"3":[0],"4":[2]},"fnMap":{"0":{"name":"formatter","decl":{"start":{"line":2,"column":20},"end":{"line":9,"column":19}},"loc":{"start":{"line":2,"column":20},"end":{"line":9,"column":19}},"line":2}},"f":{"0":4}}
,"C:\\Users\\Panasi.PANASI\\Desktop\\Developer\\projects\\Вычислитель отличий\\frontend-project-lvl2\\src\\formatters\\json.js": {"path":"C:\\Users\\Panasi.PANASI\\Desktop\\Developer\\projects\\Вычислитель отличий\\frontend-project-lvl2\\src\\formatters\\json.js","all":false,"statementMap":{"0":{"start":{"line":1,"column":0},"end":{"line":1,"column":51}},"1":{"start":{"line":2,"column":0},"end":{"line":2,"column":29}}},"s":{"0":1,"1":1},"branchMap":{"0":{"type":"branch","line":1,"loc":{"start":{"line":1,"column":0},"end":{"line":1,"column":2}},"locations":[{"start":{"line":1,"column":0},"end":{"line":1,"column":2}}]}},"b":{"0":[1]},"fnMap":{},"f":{}}
,"C:\\Users\\Panasi.PANASI\\Desktop\\Developer\\projects\\Вычислитель отличий\\frontend-project-lvl2\\src\\formatters\\plain.js": {"path":"C:\\Users\\Panasi.PANASI\\Desktop\\Developer\\projects\\Вычислитель отличий\\frontend-project-lvl2\\src\\formatters\\plain.js","all":false,"statementMap":{"0":{"start":{"line":1,"column":0},"end":{"line":1,"column":29}},"1":{"start":{"line":2,"column":0},"end":{"line":2,"column":55}},"2":{"start":{"line":3,"column":0},"end":{"line":3,"column":29}},"3":{"start":{"line":4,"column":0},"end":{"line":4,"column":3}},"4":{"start":{"line":5,"column":0},"end":{"line":5,"column":34}},"5":{"start":{"line":6,"column":0},"end":{"line":6,"column":24}},"6":{"start":{"line":7,"column":0},"end":{"line":7,"column":3}},"7":{"start":{"line":8,"column":0},"end":{"line":8,"column":15}},"8":{"start":{"line":9,"column":0},"end":{"line":9,"column":2}},"9":{"start":{"line":10,"column":0},"end":{"line":10,"column":37}},"10":{"start":{"line":11,"column":0},"end":{"line":11,"column":16}},"11":{"start":{"line":12,"column":0},"end":{"line":12,"column":25}},"12":{"start":{"line":13,"column":0},"end":{"line":13,"column":3}},"13":{"start":{"line":14,"column":0},"end":{"line":14,"column":33}},"14":{"start":{"line":15,"column":0},"end":{"line":15,"column":2}},"15":{"start":{"line":16,"column":0},"end":{"line":16,"column":42}},"16":{"start":{"line":17,"column":0},"end":{"line":17,"column":27}},"17":{"start":{"line":18,"column":0},"end":{"line":18,"column":47}},"18":{"start":{"line":19,"column":0},"end":{"line":19,"column":17}},"19":{"start":{"line":20,"column":0},"end":{"line":20,"column":31}},"20":{"start":{"line":21,"column":0},"end":{"line":21,"column":97}},"21":{"start":{"line":22,"column":0},"end":{"line":22,"column":5}},"22":{"start":{"line":23,"column":0},"end":{"line":23,"column":33}},"23":{"start":{"line":24,"column":0},"end":{"line":24,"column":64}},"24":{"start":{"line":25,"column":0},"end":{"line":25,"column":5}},"25":{"start":{"line":26,"column":0},"end":{"line":26,"column":33}},"26":{"start":{"line":27,"column":0},"end":{"line":27,"column":130}},"27":{"start":{"line":28,"column":0},"end":{"line":28,"column":5}},"28":{"start":{"line":29,"column":0},"end":{"line":29,"column":65}},"29":{"start":{"line":30,"column":0},"end":{"line":30,"column":4}},"30":{"start":{"line":31,"column":0},"end":{"line":31,"column":33}},"31":{"start":{"line":32,"column":0},"end":{"line":32,"column":41}},"32":{"start":{"line":33,"column":0},"end":{"line":33,"column":16}},"33":{"start":{"line":34,"column":0},"end":{"line":34,"column":2}},"34":{"start":{"line":35,"column":0},"end":{"line":35,"column":30}}},"s":{"0":26,"1":26,"2":26,"3":6,"4":1,"5":30,"6":8,"7":8,"8":8,"9":30,"10":1,"11":1,"12":10,"13":10,"14":10,"15":10,"16":10,"17":30,"18":10,"19":10,"20":30,"21":4,"22":30,"23":30,"24":8,"25":8,"26":10,"27":10,"28":10,"29":10,"30":1,"31":1,"32":1,"33":1,"34":1},"branchMap":{"0":{"type":"branch","line":1,"loc":{"start":{"line":1,"column":0},"end":{"line":32,"column":15}},"locations":[{"start":{"line":1,"column":0},"end":{"line":32,"column":15}}]},"1":{"type":"branch","line":1,"loc":{"start":{"line":1,"column":0},"end":{"line":5,"column":3}},"locations":[{"start":{"line":1,"column":0},"end":{"line":5,"column":3}}]},"2":{"type":"branch","line":1,"loc":{"start":{"line":1,"column":0},"end":{"line":1,"column":1}},"locations":[{"start":{"line":1,"column":0},"end":{"line":1,"column":1}}]},"3":{"type":"branch","line":1,"loc":{"start":{"line":1,"column":3},"end":{"line":2,"column":9}},"locations":[{"start":{"line":1,"column":3},"end":{"line":2,"column":9}}]},"4":{"type":"branch","line":2,"loc":{"start":{"line":2,"column":9},"end":{"line":2,"column":44}},"locations":[{"start":{"line":2,"column":9},"end":{"line":2,"column":44}}]},"5":{"type":"branch","line":2,"loc":{"start":{"line":2,"column":44},"end":{"line":3,"column":19}},"locations":[{"start":{"line":2,"column":44},"end":{"line":3,"column":19}}]},"6":{"type":"branch","line":3,"loc":{"start":{"line":3,"column":19},"end":{"line":5,"column":2}},"locations":[{"start":{"line":3,"column":19},"end":{"line":5,"column":2}}]},"7":{"type":"branch","line":5,"loc":{"start":{"line":5,"column":25},"end":{"line":11,"column":4}},"locations":[{"start":{"line":5,"column":25},"end":{"line":11,"column":4}}]},"8":{"type":"branch","line":7,"loc":{"start":{"line":7,"column":-2},"end":{"line":10,"column":5}},"locations":[{"start":{"line":7,"column":-2},"end":{"line":10,"column":5}}]},"9":{"type":"branch","line":10,"loc":{"start":{"line":10,"column":5},"end":{"line":11,"column":3}},"locations":[{"start":{"line":10,"column":5},"end":{"line":11,"column":3}}]},"10":{"type":"branch","line":12,"loc":{"start":{"line":12,"column":12},"end":{"line":31,"column":15}},"locations":[{"start":{"line":12,"column":12},"end":{"line":31,"column":15}}]},"11":{"type":"branch","line":16,"loc":{"start":{"line":16,"column":1},"end":{"line":16,"column":37}},"locations":[{"start":{"line":16,"column":1},"end":{"line":16,"column":37}}]},"12":{"type":"branch","line":17,"loc":{"start":{"line":17,"column":3},"end":{"line":27,"column":127}},"locations":[{"start":{"line":17,"column":3},"end":{"line":27,"column":127}}]},"13":{"type":"branch","line":18,"loc":{"start":{"line":18,"column":16},"end":{"line":21,"column":22}},"locations":[{"start":{"line":18,"column":16},"end":{"line":21,"column":22}}]},"14":{"type":"branch","line":21,"loc":{"start":{"line":21,"column":22},"end":{"line":21,"column":56}},"locations":[{"start":{"line":21,"column":22},"end":{"line":21,"column":56}}]},"15":{"type":"branch","line":21,"loc":{"start":{"line":21,"column":56},"end":{"line":23,"column":24}},"locations":[{"start":{"line":21,"column":56},"end":{"line":23,"column":24}}]},"16":{"type":"branch","line":23,"loc":{"start":{"line":23,"column":24},"end":{"line":24,"column":23}},"locations":[{"start":{"line":23,"column":24},"end":{"line":24,"column":23}}]},"17":{"type":"branch","line":24,"loc":{"start":{"line":24,"column":23},"end":{"line":27,"column":126}},"locations":[{"start":{"line":24,"column":23},"end":{"line":27,"column":126}}]},"18":{"type":"branch","line":29,"loc":{"start":{"line":29,"column":1},"end":{"line":29,"column":22}},"locations":[{"start":{"line":29,"column":1},"end":{"line":29,"column":22}}]}},"b":{"0":[1],"1":[26],"2":[8],"3":[6],"4":[20],"5":[14],"6":[6],"7":[30],"8":[8],"9":[22],"10":[10],"11":[36],"12":[30],"13":[10],"14":[20],"15":[4],"16":[16],"17":[8],"18":[30]},"fnMap":{"0":{"name":"strOrObj","decl":{"start":{"line":1,"column":0},"end":{"line":5,"column":3}},"loc":{"start":{"line":1,"column":0},"end":{"line":5,"column":3}},"line":1},"1":{"name":"getObjName","decl":{"start":{"line":5,"column":25},"end":{"line":11,"column":4}},"loc":{"start":{"line":5,"column":25},"end":{"line":11,"column":4}},"line":5},"2":{"name":"plainFormatter","decl":{"start":{"line":12,"column":12},"end":{"line":31,"column":15}},"loc":{"start":{"line":12,"column":12},"end":{"line":31,"column":15}},"line":12}},"f":{"0":26,"1":30,"2":10}}
,"C:\\Users\\Panasi.PANASI\\Desktop\\Developer\\projects\\Вычислитель отличий\\frontend-project-lvl2\\src\\formatters\\stylish.js": {"path":"C:\\Users\\Panasi.PANASI\\Desktop\\Developer\\projects\\Вычислитель отличий\\frontend-project-lvl2\\src\\formatters\\stylish.js","all":false,"statementMap":{"0":{"start":{"line":1,"column":0},"end":{"line":1,"column":54}},"1":{"start":{"line":2,"column":0},"end":{"line":2,"column":41}},"2":{"start":{"line":3,"column":0},"end":{"line":3,"column":52}},"3":{"start":{"line":4,"column":0},"end":{"line":4,"column":17}},"4":{"start":{"line":5,"column":0},"end":{"line":5,"column":3}},"5":{"start":{"line":6,"column":0},"end":{"line":6,"column":127}},"6":{"start":{"line":7,"column":0},"end":{"line":7,"column":44}},"7":{"start":{"line":8,"column":0},"end":{"line":8,"column":49}},"8":{"start":{"line":9,"column":0},"end":{"line":9,"column":2}},"9":{"start":{"line":10,"column":0},"end":{"line":10,"column":48}},"10":{"start":{"line":11,"column":0},"end":{"line":11,"column":42}},"11":{"start":{"line":12,"column":0},"end":{"line":12,"column":31}},"12":{"start":{"line":13,"column":0},"end":{"line":13,"column":87}},"13":{"start":{"line":14,"column":0},"end":{"line":14,"column":5}},"14":{"start":{"line":15,"column":0},"end":{"line":15,"column":33}},"15":{"start":{"line":16,"column":0},"end":{"line":16,"column":87}},"16":{"start":{"line":17,"column":0},"end":{"line":17,"column":5}},"17":{"start":{"line":18,"column":0},"end":{"line":18,"column":38}},"18":{"start":{"line":19,"column":0},"end":{"line":19,"column":87}},"19":{"start":{"line":20,"column":0},"end":{"line":20,"column":5}},"20":{"start":{"line":21,"column":0},"end":{"line":21,"column":33}},"21":{"start":{"line":22,"column":0},"end":{"line":22,"column":171}},"22":{"start":{"line":23,"column":0},"end":{"line":23,"column":5}},"23":{"start":{"line":24,"column":0},"end":{"line":24,"column":96}},"24":{"start":{"line":25,"column":0},"end":{"line":25,"column":5}},"25":{"start":{"line":26,"column":0},"end":{"line":26,"column":41}},"26":{"start":{"line":27,"column":0},"end":{"line":27,"column":47}},"27":{"start":{"line":28,"column":0},"end":{"line":28,"column":2}},"28":{"start":{"line":29,"column":0},"end":{"line":29,"column":32}}},"s":{"0":54,"1":54,"2":14,"3":18,"4":18,"5":14,"6":1,"7":10,"8":10,"9":36,"10":10,"11":10,"12":36,"13":4,"14":4,"15":36,"16":6,"17":6,"18":36,"19":8,"20":8,"21":8,"22":8,"23":10,"24":10,"25":1,"26":1,"27":1,"28":1},"branchMap":{"0":{"type":"branch","line":1,"loc":{"start":{"line":1,"column":0},"end":{"line":27,"column":5}},"locations":[{"start":{"line":1,"column":0},"end":{"line":27,"column":5}}]},"1":{"type":"branch","line":1,"loc":{"start":{"line":1,"column":0},"end":{"line":7,"column":16}},"locations":[{"start":{"line":1,"column":0},"end":{"line":7,"column":16}}]},"2":{"type":"branch","line":1,"loc":{"start":{"line":1,"column":49},"end":{"line":2,"column":10}},"locations":[{"start":{"line":1,"column":49},"end":{"line":2,"column":10}}]},"3":{"type":"branch","line":2,"loc":{"start":{"line":2,"column":12},"end":{"line":2,"column":37}},"locations":[{"start":{"line":2,"column":12},"end":{"line":2,"column":37}}]},"4":{"type":"branch","line":2,"loc":{"start":{"line":2,"column":37},"end":{"line":7,"column":15}},"locations":[{"start":{"line":2,"column":37},"end":{"line":7,"column":15}}]},"5":{"type":"branch","line":3,"loc":{"start":{"line":3,"column":43},"end":{"line":6,"column":43}},"locations":[{"start":{"line":3,"column":43},"end":{"line":6,"column":43}}]},"6":{"type":"branch","line":8,"loc":{"start":{"line":8,"column":-2},"end":{"line":26,"column":11}},"locations":[{"start":{"line":8,"column":-2},"end":{"line":26,"column":11}}]},"7":{"type":"branch","line":10,"loc":{"start":{"line":10,"column":0},"end":{"line":24,"column":19}},"locations":[{"start":{"line":10,"column":0},"end":{"line":24,"column":19}}]},"8":{"type":"branch","line":10,"loc":{"start":{"line":10,"column":42},"end":{"line":13,"column":12}},"locations":[{"start":{"line":10,"column":42},"end":{"line":13,"column":12}}]},"9":{"type":"branch","line":13,"loc":{"start":{"line":13,"column":12},"end":{"line":13,"column":46}},"locations":[{"start":{"line":13,"column":12},"end":{"line":13,"column":46}}]},"10":{"type":"branch","line":13,"loc":{"start":{"line":13,"column":46},"end":{"line":16,"column":12}},"locations":[{"start":{"line":13,"column":46},"end":{"line":16,"column":12}}]},"11":{"type":"branch","line":16,"loc":{"start":{"line":16,"column":12},"end":{"line":16,"column":51}},"locations":[{"start":{"line":16,"column":12},"end":{"line":16,"column":51}}]},"12":{"type":"branch","line":16,"loc":{"start":{"line":16,"column":51},"end":{"line":19,"column":12}},"locations":[{"start":{"line":16,"column":51},"end":{"line":19,"column":12}}]},"13":{"type":"branch","line":19,"loc":{"start":{"line":19,"column":12},"end":{"line":19,"column":46}},"locations":[{"start":{"line":19,"column":12},"end":{"line":19,"column":46}}]},"14":{"type":"branch","line":19,"loc":{"start":{"line":19,"column":46},"end":{"line":24,"column":18}},"locations":[{"start":{"line":19,"column":46},"end":{"line":24,"column":18}}]}},"b":{"0":[1],"1":[54],"2":[16],"3":[40],"4":[14],"5":[18],"6":[10],"7":[36],"8":[10],"9":[26],"10":[4],"11":[22],"12":[6],"13":[16],"14":[8]},"fnMap":{"0":{"name":"strOrObj","decl":{"start":{"line":1,"column":0},"end":{"line":7,"column":16}},"loc":{"start":{"line":1,"column":0},"end":{"line":7,"column":16}},"line":1},"1":{"name":"stylishFormatter","decl":{"start":{"line":8,"column":-2},"end":{"line":26,"column":11}},"loc":{"start":{"line":8,"column":-2},"end":{"line":26,"column":11}},"line":8}},"f":{"0":54,"1":10}}
}
