TN:
SF:index.js
FN:2,gendiff
FN:6,getDiff
FNF:2
FNH:2
FNDA:4,gendiff
FNDA:20,getDiff
DA:1,1
DA:2,1
DA:3,4
DA:4,4
DA:5,4
DA:6,4
DA:7,20
DA:8,20
DA:9,20
DA:10,20
DA:11,20
DA:12,72
DA:13,72
DA:14,8
DA:15,72
DA:16,72
DA:17,16
DA:18,16
DA:19,72
DA:20,72
DA:21,16
DA:22,16
DA:23,16
DA:24,16
DA:25,72
DA:26,12
DA:27,72
DA:28,20
DA:29,4
DA:30,4
DA:31,4
DA:32,4
DA:33,1
DA:34,1
DA:35,1
DA:36,1
LF:36
LH:36
BRDA:1,0,0,1
BRDA:2,1,0,4
BRDA:6,2,0,20
BRDA:10,3,0,72
BRDA:10,4,0,20
BRDA:12,5,0,52
BRDA:13,6,0,8
BRDA:15,7,0,44
BRDA:16,8,0,20
BRDA:16,9,0,16
BRDA:19,10,0,28
BRDA:19,11,0,20
BRDA:20,12,0,16
BRDA:25,13,0,12
BRF:14
BRH:14
end_of_record
TN:
SF:src\parsers.js
FN:2,getFileData
FNF:1
FNH:1
FNDA:8,getFileData
DA:1,1
DA:2,1
DA:3,8
DA:4,8
DA:5,8
DA:6,8
DA:7,8
DA:8,4
DA:9,8
DA:10,8
DA:11,4
DA:12,1
DA:13,1
DA:14,1
DA:15,1
DA:16,1
DA:17,1
DA:18,1
LF:18
LH:18
BRDA:1,0,0,1
BRDA:2,1,0,8
BRDA:7,2,0,4
BRDA:9,3,0,2
BRDA:10,4,0,4
BRDA:12,5,0,0
BRF:6
BRH:5
end_of_record
TN:
SF:src\formatters\index.js
FN:2,formatter
FNF:1
FNH:1
FNDA:4,formatter
DA:1,1
DA:2,1
DA:3,4
DA:4,2
DA:5,2
DA:6,4
DA:7,4
DA:8,2
DA:9,1
DA:10,1
DA:11,1
DA:12,1
DA:13,1
DA:14,1
LF:14
LH:14
BRDA:1,0,0,1
BRDA:2,1,0,4
BRDA:3,2,0,2
BRDA:6,3,0,0
BRDA:7,4,0,2
BRF:5
BRH:4
end_of_record
TN:
SF:src\formatters\json.js
FNF:0
FNH:0
DA:1,1
DA:2,1
LF:2
LH:2
BRDA:1,0,0,1
BRF:1
BRH:1
end_of_record
TN:
SF:src\formatters\plain.js
FN:1,strOrObj
FN:5,getObjName
FN:12,plainFormatter
FNF:3
FNH:3
FNDA:26,strOrObj
FNDA:30,getObjName
FNDA:10,plainFormatter
DA:1,26
DA:2,26
DA:3,26
DA:4,6
DA:5,1
DA:6,30
DA:7,8
DA:8,8
DA:9,8
DA:10,30
DA:11,1
DA:12,1
DA:13,10
DA:14,10
DA:15,10
DA:16,10
DA:17,10
DA:18,30
DA:19,10
DA:20,10
DA:21,30
DA:22,4
DA:23,30
DA:24,30
DA:25,8
DA:26,8
DA:27,10
DA:28,10
DA:29,10
DA:30,10
DA:31,1
DA:32,1
DA:33,1
DA:34,1
DA:35,1
LF:35
LH:35
BRDA:1,0,0,1
BRDA:1,1,0,26
BRDA:1,2,0,8
BRDA:1,3,0,6
BRDA:2,4,0,20
BRDA:2,5,0,14
BRDA:3,6,0,6
BRDA:5,7,0,30
BRDA:7,8,0,8
BRDA:10,9,0,22
BRDA:12,10,0,10
BRDA:16,11,0,36
BRDA:17,12,0,30
BRDA:18,13,0,10
BRDA:21,14,0,20
BRDA:21,15,0,4
BRDA:23,16,0,16
BRDA:24,17,0,8
BRDA:29,18,0,30
BRF:19
BRH:19
end_of_record
TN:
SF:src\formatters\stylish.js
FN:1,strOrObj
FN:8,stylishFormatter
FNF:2
FNH:2
FNDA:54,strOrObj
FNDA:10,stylishFormatter
DA:1,54
DA:2,54
DA:3,14
DA:4,18
DA:5,18
DA:6,14
DA:7,1
DA:8,10
DA:9,10
DA:10,36
DA:11,10
DA:12,10
DA:13,36
DA:14,4
DA:15,4
DA:16,36
DA:17,6
DA:18,6
DA:19,36
DA:20,8
DA:21,8
DA:22,8
DA:23,8
DA:24,10
DA:25,10
DA:26,1
DA:27,1
DA:28,1
DA:29,1
LF:29
LH:29
BRDA:1,0,0,1
BRDA:1,1,0,54
BRDA:1,2,0,16
BRDA:2,3,0,40
BRDA:2,4,0,14
BRDA:3,5,0,18
BRDA:8,6,0,10
BRDA:10,7,0,36
BRDA:10,8,0,10
BRDA:13,9,0,26
BRDA:13,10,0,4
BRDA:16,11,0,22
BRDA:16,12,0,6
BRDA:19,13,0,16
BRDA:19,14,0,8
BRF:15
BRH:15
end_of_record
